<?xml version="1.0" encoding="UTF-8"?>
<testsuite name="multiplicative.components.MultiplyKtTest" tests="2" skipped="0" failures="0" errors="0" timestamp="2023-01-15T10:18:17" hostname="Henrique-Cassus.fritz.box" time="0.034">
  <properties/>
  <testcase name="shouldMultiplyDigits()" classname="multiplicative.components.MultiplyKtTest" time="0.032"/>
  <testcase name="shouldSplitLastDigit()" classname="multiplicative.components.MultiplyKtTest" time="0.001"/>
  <system-out><![CDATA[]]></system-out>
  <system-err><![CDATA[]]></system-err>
</testsuite>
