<?xml version="1.0" encoding="UTF-8"?>
<testsuite name="multiplicative.components.PersistenceKtTest" tests="2" skipped="0" failures="0" errors="0" timestamp="2023-01-15T10:18:18" hostname="Henrique-Cassus.fritz.box" time="0.183">
  <properties/>
  <testcase name="shouldCalculatePersistence()" classname="multiplicative.components.PersistenceKtTest" time="0.002"/>
  <testcase name="shouldCalculateMinPersistenceOfNumbers()" classname="multiplicative.components.PersistenceKtTest" time="0.18"/>
  <system-out><![CDATA[]]></system-out>
  <system-err><![CDATA[]]></system-err>
</testsuite>
